<?xml version="1.0" encoding="UTF-8"?>
<testng-results skipped="0" failed="0" ignored="0" total="2" passed="2">
  <reporter-output>
  </reporter-output>
  <suite name="testCases.LoginTest" duration-ms="69790" started-at="2023-02-21T15:37:15 BDT" finished-at="2023-02-21T15:38:25 BDT">
    <groups>
    </groups>
    <test name="Command line test" duration-ms="69790" started-at="2023-02-21T15:37:15 BDT" finished-at="2023-02-21T15:38:25 BDT">
      <class name="testCases.LoginTest">
        <test-method status="PASS" signature="initializeDriver()[pri:0, instance:testCases.LoginTest@3d99d22e]" name="initializeDriver" is-config="true" duration-ms="3338" started-at="2023-02-21T15:37:15 BDT" finished-at="2023-02-21T15:37:18 BDT">
          <reporter-output>
          </reporter-output>
        </test-method> <!-- initializeDriver -->
        <test-method status="PASS" signature="LoginTest()[pri:1, instance:testCases.LoginTest@3d99d22e]" name="LoginTest" duration-ms="6637" started-at="2023-02-21T15:37:18 BDT" finished-at="2023-02-21T15:37:25 BDT">
          <reporter-output>
          </reporter-output>
        </test-method> <!-- LoginTest -->
        <test-method status="PASS" signature="closeDriver()[pri:0, instance:testCases.LoginTest@3d99d22e]" name="closeDriver" is-config="true" duration-ms="5722" started-at="2023-02-21T15:37:25 BDT" finished-at="2023-02-21T15:37:31 BDT">
          <reporter-output>
          </reporter-output>
        </test-method> <!-- closeDriver -->
        <test-method status="PASS" signature="initializeDriver()[pri:0, instance:testCases.LoginTest@3d99d22e]" name="initializeDriver" is-config="true" duration-ms="1455" started-at="2023-02-21T15:37:31 BDT" finished-at="2023-02-21T15:37:32 BDT">
          <reporter-output>
          </reporter-output>
        </test-method> <!-- initializeDriver -->
        <test-method status="PASS" signature="ProductTest()[pri:2, instance:testCases.LoginTest@3d99d22e]" name="ProductTest" duration-ms="46860" started-at="2023-02-21T15:37:32 BDT" finished-at="2023-02-21T15:38:19 BDT">
          <reporter-output>
          </reporter-output>
        </test-method> <!-- ProductTest -->
        <test-method status="PASS" signature="closeDriver()[pri:0, instance:testCases.LoginTest@3d99d22e]" name="closeDriver" is-config="true" duration-ms="5681" started-at="2023-02-21T15:38:19 BDT" finished-at="2023-02-21T15:38:25 BDT">
          <reporter-output>
          </reporter-output>
        </test-method> <!-- closeDriver -->
      </class> <!-- testCases.LoginTest -->
    </test> <!-- Command line test -->
  </suite> <!-- testCases.LoginTest -->
</testng-results>
